

Microchip MPLAB XC8 Assembler V3.10 build 20250813170317 
                                                                                               Mon Dec  1 01:26:30 2025

Microchip MPLAB XC8 C Compiler v3.10 (Free license) build 20250813170317 Og1 
     1                           	processor	16F887
     2                           	pagewidth 120
     3                           	opt	flic
     4                           	psect	idataCOMMON,global,class=CODE,space=0,delta=2,noexec
     5                           	psect	idataBANK0,global,class=CODE,space=0,delta=2,noexec
     6                           	psect	cinit,global,class=CODE,space=0,merge=1,delta=2
     7                           	psect	bssCOMMON,global,class=COMMON,space=1,delta=1,noexec
     8                           	psect	dataCOMMON,global,class=COMMON,space=1,delta=1,noexec
     9                           	psect	bssBANK0,global,class=BANK0,space=1,delta=1,noexec
    10                           	psect	dataBANK0,global,class=BANK0,space=1,delta=1,noexec
    11                           	psect	inittext,global,class=CODE,space=0,delta=2
    12                           	psect	cstackCOMMON,global,class=COMMON,space=1,delta=1,noexec
    13                           	psect	cstackBANK0,global,class=BANK0,space=1,delta=1,noexec
    14                           	psect	maintext,global,class=CODE,space=0,split=1,delta=2
    15                           	psect	text1,local,class=CODE,space=0,merge=1,delta=2
    16                           	psect	text2,local,class=CODE,space=0,merge=1,delta=2
    17                           	psect	text3,local,class=CODE,space=0,merge=1,delta=2
    18                           	psect	intentry,global,class=CODE,space=0,delta=2
    19                           	dabs	1,0x7E,2
    20     0000                     
    21                           ; Generated 12/10/2023 GMT
    22                           ; 
    23                           ; Copyright © 2023, Microchip Technology Inc. and its subsidiaries ("Microchip")
    24                           ; All rights reserved.
    25                           ; 
    26                           ; This software is developed by Microchip Technology Inc. and its subsidiaries ("Microch
      +                          ip").
    27                           ; 
    28                           ; Redistribution and use in source and binary forms, with or without modification, are
    29                           ; permitted provided that the following conditions are met:
    30                           ; 
    31                           ;     1. Redistributions of source code must retain the above copyright notice, this lis
      +                          t of
    32                           ;        conditions and the following disclaimer.
    33                           ; 
    34                           ;     2. Redistributions in binary form must reproduce the above copyright notice, this 
      +                          list
    35                           ;        of conditions and the following disclaimer in the documentation and/or other
    36                           ;        materials provided with the distribution. Publication is not required when
    37                           ;        this file is used in an embedded application.
    38                           ; 
    39                           ;     3. Microchip's name may not be used to endorse or promote products derived from th
      +                          is
    40                           ;        software without specific prior written permission.
    41                           ; 
    42                           ; THIS SOFTWARE IS PROVIDED BY MICROCHIP "AS IS" AND ANY EXPRESS OR IMPLIED WARRANTIES,
    43                           ; INCLUDING, BUT NOT LIMITED TO, THE IMPLIED WARRANTIES OF MERCHANTABILITY AND FITNESS F
      +                          OR
    44                           ; PURPOSE ARE DISCLAIMED.  IN NO EVENT SHALL MICROCHIP BE LIABLE FOR ANY DIRECT, INDIREC
      +                          T,
    45                           ; INCIDENTAL, SPECIAL, EXEMPLARY, OR CONSEQUENTIAL DAMAGES (INCLUDING BUT NOT LIMITED TO
    46                           ; PROCUREMENT OF SUBSTITUTE GOODS OR SERVICES; LOSS OF USE, DATA OR PROFITS; OR BUSINESS
    47                           ; INTERRUPTION) HOWSOEVER CAUSED AND ON ANY THEORY OF LIABILITY, WHETHER IN CONTRACT, ST
      +                          RICT
    48                           ; LIABILITY, OR TORT (INCLUDING NEGLIGENCE OR OTHERWISE) ARISING IN ANY WAY OUT OF THE U
      +                          SE OF
    49                           ; THIS SOFTWARE, EVEN IF ADVISED OF THE POSSIBILITY OF SUCH DAMAGE.
    50                           ; 
    51                           ; 
    52                           ; Code-generator required, PIC16F887 Definitions
    53                           ; 
    54                           ; SFR Addresses
    55     0004                     fsr             equ	4
    56     0004                     fsr0            equ	4
    57     0000                     indf            equ	0
    58     0000                     indf0           equ	0
    59     0002                     pc              equ	2
    60     0002                     pcl             equ	2
    61     000A                     pclath          equ	10
    62     0003                     status          equ	3
    63     0000                     INDF            equ	0	;# 
    64     0001                     TMR0            equ	1	;# 
    65     0002                     PCL             equ	2	;# 
    66     0003                     STATUS          equ	3	;# 
    67     0004                     FSR             equ	4	;# 
    68     0005                     PORTA           equ	5	;# 
    69     0006                     PORTB           equ	6	;# 
    70     0007                     PORTC           equ	7	;# 
    71     0008                     PORTD           equ	8	;# 
    72     0009                     PORTE           equ	9	;# 
    73     000A                     PCLATH          equ	10	;# 
    74     000B                     INTCON          equ	11	;# 
    75     000C                     PIR1            equ	12	;# 
    76     000D                     PIR2            equ	13	;# 
    77     000E                     TMR1            equ	14	;# 
    78     000E                     TMR1L           equ	14	;# 
    79     000F                     TMR1H           equ	15	;# 
    80     0010                     T1CON           equ	16	;# 
    81     0011                     TMR2            equ	17	;# 
    82     0012                     T2CON           equ	18	;# 
    83     0013                     SSPBUF          equ	19	;# 
    84     0014                     SSPCON          equ	20	;# 
    85     0015                     CCPR1           equ	21	;# 
    86     0015                     CCPR1L          equ	21	;# 
    87     0016                     CCPR1H          equ	22	;# 
    88     0017                     CCP1CON         equ	23	;# 
    89     0018                     RCSTA           equ	24	;# 
    90     0019                     TXREG           equ	25	;# 
    91     001A                     RCREG           equ	26	;# 
    92     001B                     CCPR2           equ	27	;# 
    93     001B                     CCPR2L          equ	27	;# 
    94     001C                     CCPR2H          equ	28	;# 
    95     001D                     CCP2CON         equ	29	;# 
    96     001E                     ADRESH          equ	30	;# 
    97     001F                     ADCON0          equ	31	;# 
    98     0081                     OPTION_REG      equ	129	;# 
    99     0085                     TRISA           equ	133	;# 
   100     0086                     TRISB           equ	134	;# 
   101     0087                     TRISC           equ	135	;# 
   102     0088                     TRISD           equ	136	;# 
   103     0089                     TRISE           equ	137	;# 
   104     008C                     PIE1            equ	140	;# 
   105     008D                     PIE2            equ	141	;# 
   106     008E                     PCON            equ	142	;# 
   107     008F                     OSCCON          equ	143	;# 
   108     0090                     OSCTUNE         equ	144	;# 
   109     0091                     SSPCON2         equ	145	;# 
   110     0092                     PR2             equ	146	;# 
   111     0093                     SSPADD          equ	147	;# 
   112     0093                     SSPMSK          equ	147	;# 
   113     0093                     MSK             equ	147	;# 
   114     0094                     SSPSTAT         equ	148	;# 
   115     0095                     WPUB            equ	149	;# 
   116     0096                     IOCB            equ	150	;# 
   117     0097                     VRCON           equ	151	;# 
   118     0098                     TXSTA           equ	152	;# 
   119     0099                     SPBRG           equ	153	;# 
   120     009A                     SPBRGH          equ	154	;# 
   121     009B                     PWM1CON         equ	155	;# 
   122     009C                     ECCPAS          equ	156	;# 
   123     009D                     PSTRCON         equ	157	;# 
   124     009E                     ADRESL          equ	158	;# 
   125     009F                     ADCON1          equ	159	;# 
   126     0105                     WDTCON          equ	261	;# 
   127     0107                     CM1CON0         equ	263	;# 
   128     0108                     CM2CON0         equ	264	;# 
   129     0109                     CM2CON1         equ	265	;# 
   130     010C                     EEDATA          equ	268	;# 
   131     010C                     EEDAT           equ	268	;# 
   132     010D                     EEADR           equ	269	;# 
   133     010E                     EEDATH          equ	270	;# 
   134     010F                     EEADRH          equ	271	;# 
   135     0185                     SRCON           equ	389	;# 
   136     0187                     BAUDCTL         equ	391	;# 
   137     0188                     ANSEL           equ	392	;# 
   138     0189                     ANSELH          equ	393	;# 
   139     018C                     EECON1          equ	396	;# 
   140     018D                     EECON2          equ	397	;# 
   141     0000                     nosup@@$_$_CONFIG set	0	;# 
   142     0000                     nosup@@$_$_CONFIG set	0	;# 
   143     0000                     INDF            equ	0	;# 
   144     0001                     TMR0            equ	1	;# 
   145     0002                     PCL             equ	2	;# 
   146     0003                     STATUS          equ	3	;# 
   147     0004                     FSR             equ	4	;# 
   148     0005                     PORTA           equ	5	;# 
   149     0006                     PORTB           equ	6	;# 
   150     0007                     PORTC           equ	7	;# 
   151     0008                     PORTD           equ	8	;# 
   152     0009                     PORTE           equ	9	;# 
   153     000A                     PCLATH          equ	10	;# 
   154     000B                     INTCON          equ	11	;# 
   155     000C                     PIR1            equ	12	;# 
   156     000D                     PIR2            equ	13	;# 
   157     000E                     TMR1            equ	14	;# 
   158     000E                     TMR1L           equ	14	;# 
   159     000F                     TMR1H           equ	15	;# 
   160     0010                     T1CON           equ	16	;# 
   161     0011                     TMR2            equ	17	;# 
   162     0012                     T2CON           equ	18	;# 
   163     0013                     SSPBUF          equ	19	;# 
   164     0014                     SSPCON          equ	20	;# 
   165     0015                     CCPR1           equ	21	;# 
   166     0015                     CCPR1L          equ	21	;# 
   167     0016                     CCPR1H          equ	22	;# 
   168     0017                     CCP1CON         equ	23	;# 
   169     0018                     RCSTA           equ	24	;# 
   170     0019                     TXREG           equ	25	;# 
   171     001A                     RCREG           equ	26	;# 
   172     001B                     CCPR2           equ	27	;# 
   173     001B                     CCPR2L          equ	27	;# 
   174     001C                     CCPR2H          equ	28	;# 
   175     001D                     CCP2CON         equ	29	;# 
   176     001E                     ADRESH          equ	30	;# 
   177     001F                     ADCON0          equ	31	;# 
   178     0081                     OPTION_REG      equ	129	;# 
   179     0085                     TRISA           equ	133	;# 
   180     0086                     TRISB           equ	134	;# 
   181     0087                     TRISC           equ	135	;# 
   182     0088                     TRISD           equ	136	;# 
   183     0089                     TRISE           equ	137	;# 
   184     008C                     PIE1            equ	140	;# 
   185     008D                     PIE2            equ	141	;# 
   186     008E                     PCON            equ	142	;# 
   187     008F                     OSCCON          equ	143	;# 
   188     0090                     OSCTUNE         equ	144	;# 
   189     0091                     SSPCON2         equ	145	;# 
   190     0092                     PR2             equ	146	;# 
   191     0093                     SSPADD          equ	147	;# 
   192     0093                     SSPMSK          equ	147	;# 
   193     0093                     MSK             equ	147	;# 
   194     0094                     SSPSTAT         equ	148	;# 
   195     0095                     WPUB            equ	149	;# 
   196     0096                     IOCB            equ	150	;# 
   197     0097                     VRCON           equ	151	;# 
   198     0098                     TXSTA           equ	152	;# 
   199     0099                     SPBRG           equ	153	;# 
   200     009A                     SPBRGH          equ	154	;# 
   201     009B                     PWM1CON         equ	155	;# 
   202     009C                     ECCPAS          equ	156	;# 
   203     009D                     PSTRCON         equ	157	;# 
   204     009E                     ADRESL          equ	158	;# 
   205     009F                     ADCON1          equ	159	;# 
   206     0105                     WDTCON          equ	261	;# 
   207     0107                     CM1CON0         equ	263	;# 
   208     0108                     CM2CON0         equ	264	;# 
   209     0109                     CM2CON1         equ	265	;# 
   210     010C                     EEDATA          equ	268	;# 
   211     010C                     EEDAT           equ	268	;# 
   212     010D                     EEADR           equ	269	;# 
   213     010E                     EEDATH          equ	270	;# 
   214     010F                     EEADRH          equ	271	;# 
   215     0185                     SRCON           equ	389	;# 
   216     0187                     BAUDCTL         equ	391	;# 
   217     0188                     ANSEL           equ	392	;# 
   218     0189                     ANSELH          equ	393	;# 
   219     018C                     EECON1          equ	396	;# 
   220     018D                     EECON2          equ	397	;# 
   221                           
   222                           	psect	idataCOMMON
   223     0152                     __pidataCOMMON:
   224                           
   225                           ;initializer for _portc
   226     0152  3401               	retlw	1
   227     0153  3400               	retlw	0
   228                           
   229                           	psect	idataBANK0
   230     00B1                     __pidataBANK0:
   231                           
   232                           ;initializer for _Button
   233     00B1  343F               	retlw	63
   234     00B2  3400               	retlw	0
   235     00B3  3406               	retlw	6
   236     00B4  3400               	retlw	0
   237     00B5  345B               	retlw	91
   238     00B6  3400               	retlw	0
   239     00B7  344F               	retlw	79
   240     00B8  3400               	retlw	0
   241     00B9  3466               	retlw	102
   242     00BA  3400               	retlw	0
   243     00BB  346D               	retlw	109
   244     00BC  3400               	retlw	0
   245     00BD  347D               	retlw	125
   246     00BE  3400               	retlw	0
   247     00BF  3407               	retlw	7
   248     00C0  3400               	retlw	0
   249     00C1  347F               	retlw	127
   250     00C2  3400               	retlw	0
   251     00C3  346F               	retlw	111
   252     00C4  3400               	retlw	0
   253                           
   254                           ;initializer for _PD
   255     00C5  3440               	retlw	64
   256     00C6  3400               	retlw	0
   257     00C7  3479               	retlw	121
   258     00C8  3400               	retlw	0
   259     00C9  3424               	retlw	36
   260     00CA  3400               	retlw	0
   261     00CB  3430               	retlw	48
   262     00CC  3400               	retlw	0
   263     00CD  3419               	retlw	25
   264     00CE  3400               	retlw	0
   265     00CF  3412               	retlw	18
   266     00D0  3400               	retlw	0
   267     00D1  3402               	retlw	2
   268     00D2  3400               	retlw	0
   269     00D3  3478               	retlw	120
   270     00D4  3400               	retlw	0
   271     00D5  3400               	retlw	0
   272     00D6  3400               	retlw	0
   273     00D7  3410               	retlw	16
   274     00D8  3400               	retlw	0
   275                           
   276                           ;initializer for _a
   277     00D9  3401               	retlw	1
   278     00DA  3400               	retlw	0
   279     00DB  3402               	retlw	2
   280     00DC  3400               	retlw	0
   281     00DD  3404               	retlw	4
   282     00DE  3400               	retlw	0
   283     00DF  3408               	retlw	8
   284     00E0  3400               	retlw	0
   285     00E1  3410               	retlw	16
   286     00E2  3400               	retlw	0
   287     00E3  3420               	retlw	32
   288     00E4  3400               	retlw	0
   289     00E5  3440               	retlw	64
   290     00E6  3400               	retlw	0
   291     00E7  3480               	retlw	128
   292     00E8  3400               	retlw	0
   293     00E9  3400               	retlw	0
   294     00EA  3400               	retlw	0
   295     0009                     _PORTE          set	9
   296     0007                     _PORTC          set	7
   297     0008                     _PORTD          set	8
   298     0006                     _PORTB          set	6
   299     0049                     _RE1            set	73
   300     0032                     _RB2            set	50
   301     0031                     _RB1            set	49
   302     0030                     _RB0            set	48
   303     005F                     _GIE            set	95
   304     004A                     _RE2            set	74
   305     0058                     _RBIF           set	88
   306     005B                     _RBIE           set	91
   307     0086                     _TRISB          set	134
   308     0087                     _TRISC          set	135
   309     0088                     _TRISD          set	136
   310     0096                     _IOCB           set	150
   311     044A                     _TRISE2         set	1098
   312     0449                     _TRISE1         set	1097
   313     0189                     _ANSELH         set	393
   314     0188                     _ANSEL          set	392
   315                           
   316                           	psect	cinit
   317     000F                     start_initialization:	
   318                           ; #config settings
   319                           
   320     000F                     __initialization:
   321                           
   322                           ; Initialize objects allocated to BANK0
   323     000F  1383               	bcf	3,7	;select IRP bank0
   324     0010  305A               	movlw	low (__pdataBANK0+58)
   325     0011  00FD               	movwf	btemp+-1
   326     0012  3000               	movlw	high __pidataBANK0
   327     0013  00FE               	movwf	btemp
   328     0014  30B1               	movlw	low __pidataBANK0
   329     0015  00FF               	movwf	btemp+1
   330     0016  3020               	movlw	low __pdataBANK0
   331     0017  0084               	movwf	4
   332     0018  120A  118A  213B  120A  118A  	fcall	init_ram0
   333                           
   334                           ; Initialize objects allocated to COMMON
   335     001D  120A  118A  2152  120A  118A  	fcall	__pidataCOMMON	;fetch initializer
   336     0022  00F8               	movwf	__pdataCOMMON& (0+127)
   337     0023  120A  118A  2153  120A  118A  	fcall	__pidataCOMMON+1	;fetch initializer
   338     0028  00F9               	movwf	(__pdataCOMMON+1)& (0+127)
   339                           
   340                           ; Clear objects allocated to BANK0
   341     0029  01E1               	clrf	__pbssBANK0& (0+127)
   342     002A  01E2               	clrf	(__pbssBANK0+1)& (0+127)
   343     002B  01E3               	clrf	(__pbssBANK0+2)& (0+127)
   344     002C  01E4               	clrf	(__pbssBANK0+3)& (0+127)
   345                           
   346                           ; Clear objects allocated to COMMON
   347     002D  01F0               	clrf	__pbssCOMMON& (0+127)
   348     002E  01F1               	clrf	(__pbssCOMMON+1)& (0+127)
   349     002F  01F2               	clrf	(__pbssCOMMON+2)& (0+127)
   350     0030  01F3               	clrf	(__pbssCOMMON+3)& (0+127)
   351     0031                     end_of_initialization:	
   352                           ;End of C runtime variable initialization code
   353                           
   354     0031                     __end_of__initialization:
   355     0031  0183               	clrf	3
   356     0032  120A  118A  2916   	ljmp	_main	;jump to C main() function
   357                           
   358                           	psect	bssCOMMON
   359     0070                     __pbssCOMMON:
   360     0070                     _read_dataPortB:
   361     0070                     	ds	2
   362     0072                     _ngat:
   363     0072                     	ds	1
   364     0073                     _dem:
   365     0073                     	ds	1
   366                           
   367                           	psect	dataCOMMON
   368     0078                     __pdataCOMMON:
   369     0078                     _portc:
   370     0078                     	ds	2
   371                           
   372                           	psect	bssBANK0
   373     0061                     __pbssBANK0:
   374     0061                     _portd:
   375     0061                     	ds	2
   376     0063                     _so:
   377     0063                     	ds	2
   378                           
   379                           	psect	dataBANK0
   380     0020                     __pdataBANK0:
   381     0020                     _Button:
   382     0020                     	ds	20
   383     0034                     _PD:
   384     0034                     	ds	20
   385     0048                     _a:
   386     0048                     	ds	18
   387                           
   388                           	psect	inittext
   389     0137                     init_fetch0:	
   390                           ;	Called with low address in FSR and high address in W
   391                           
   392     0137  087E               	movf	btemp,w
   393     0138  008A               	movwf	10
   394     0139  087F               	movf	btemp+1,w
   395     013A  0082               	movwf	2
   396     013B                     init_ram0:	
   397                           ;Called with:
   398                           ;	high address of idata address in btemp 
   399                           ;	low address of idata address in btemp+1 
   400                           ;	low address of data in FSR
   401                           ;	high address + 1 of data in btemp-1
   402                           
   403     013B  120A  118A  2137  120A  118A  	fcall	init_fetch0
   404     0140  0080               	movwf	0
   405     0141  0A84               	incf	4,f
   406     0142  0804               	movf	4,w
   407     0143  067D               	xorwf	btemp+-1,w
   408     0144  1903               	btfsc	3,2
   409     0145  3400               	retlw	0
   410     0146  0AFF               	incf	btemp+1,f
   411     0147  1903               	btfsc	3,2
   412     0148  0AFE               	incf	btemp,f
   413     0149  293B               	goto	init_ram0
   414                           
   415                           	psect	cstackCOMMON
   416     0074                     __pcstackCOMMON:
   417     0074                     ?_isr:
   418     0074                     ?_Initialize_interrupt:	
   419                           ; 1 bytes @ 0x0
   420                           
   421     0074                     ?_ONOFFLED:	
   422                           ; 1 bytes @ 0x0
   423                           
   424     0074                     ?_main:	
   425                           ; 1 bytes @ 0x0
   426                           
   427     0074                     ??_isr:	
   428                           ; 1 bytes @ 0x0
   429                           
   430                           
   431                           ; 1 bytes @ 0x0
   432     0074                     	ds	4
   433     0078                     ??_Initialize_interrupt:
   434     0078                     ??_main:	
   435                           ; 1 bytes @ 0x4
   436                           
   437                           
   438                           	psect	cstackBANK0
   439     005A                     __pcstackBANK0:	
   440                           ; 1 bytes @ 0x4
   441                           
   442     005A                     ??_ONOFFLED:
   443                           
   444                           ; 1 bytes @ 0x0
   445     005A                     	ds	3
   446     005D                     ONOFFLED@i_62:
   447                           
   448                           ; 2 bytes @ 0x3
   449     005D                     	ds	2
   450     005F                     ONOFFLED@i:
   451                           
   452                           ; 2 bytes @ 0x5
   453     005F                     	ds	2
   454                           
   455                           	psect	maintext
   456     0116                     __pmaintext:	
   457 ;;
   458 ;;Main: autosize = 0, tempsize = 0, incstack = 0, save=0
   459 ;;
   460 ;; *************** function _main *****************
   461 ;; Defined at:
   462 ;;		line 158 in file "main.c"
   463 ;; Parameters:    Size  Location     Type
   464 ;;		None
   465 ;; Auto vars:     Size  Location     Type
   466 ;;		None
   467 ;; Return value:  Size  Location     Type
   468 ;;                  1    wreg      void 
   469 ;; Registers used:
   470 ;;		wreg, fsr0l, fsr0h, status,2, status,0, pclath, btemp1, cstack
   471 ;; Tracked objects:
   472 ;;		On entry : B00/0
   473 ;;		On exit  : 0/0
   474 ;;		Unchanged: 0/0
   475 ;; Data sizes:     COMMON   BANK0   BANK1   BANK3   BANK2
   476 ;;      Params:         0       0       0       0       0
   477 ;;      Locals:         0       0       0       0       0
   478 ;;      Temps:          0       0       0       0       0
   479 ;;      Totals:         0       0       0       0       0
   480 ;;Total ram usage:        0 bytes
   481 ;; Hardware stack levels required when called: 2
   482 ;; This function calls:
   483 ;;		_Initialize_interrupt
   484 ;;		_ONOFFLED
   485 ;; This function is called by:
   486 ;;		Startup code after reset
   487 ;; This function uses a non-reentrant model
   488 ;;
   489                           
   490     0116                     _main:	
   491                           ;psect for function _main
   492                           
   493     0116                     l978:	
   494                           ;incstack = 0
   495                           ; Regs used in _main: [wreg-fsr0h+status,2+status,0+pclath+btemp1+cstack]
   496                           
   497                           
   498                           ;main.c: 159:     ANSEL = 0;
   499     0116  1683               	bsf	3,5	;RP0=1, select bank3
   500     0117  1703               	bsf	3,6	;RP1=1, select bank3
   501     0118  0188               	clrf	8	;volatile
   502                           
   503                           ;main.c: 160:     ANSELH = 0;
   504     0119  0189               	clrf	9	;volatile
   505                           
   506                           ;main.c: 161:     TRISD = 0x00;
   507     011A  1683               	bsf	3,5	;RP0=1, select bank1
   508     011B  1303               	bcf	3,6	;RP1=0, select bank1
   509     011C  0188               	clrf	8	;volatile
   510                           
   511                           ;main.c: 162:     TRISC = 0x00;
   512     011D  0187               	clrf	7	;volatile
   513     011E                     l980:
   514                           
   515                           ;main.c: 163:     TRISE1 = 0;
   516     011E  1089               	bcf	9,1	;volatile
   517     011F                     l982:
   518                           
   519                           ;main.c: 164:     TRISE2 = 0;
   520     011F  1109               	bcf	9,2	;volatile
   521     0120                     l984:
   522                           
   523                           ;main.c: 166:     TRISB = 0x07;
   524     0120  3007               	movlw	7
   525     0121  0086               	movwf	6	;volatile
   526                           
   527                           ;main.c: 167:     PORTB = 0x00;
   528     0122  1283               	bcf	3,5	;RP0=0, select bank0
   529     0123  1303               	bcf	3,6	;RP1=0, select bank0
   530     0124  0186               	clrf	6	;volatile
   531     0125                     l986:
   532                           
   533                           ;main.c: 168:     PORTD = 0xFF;
   534     0125  30FF               	movlw	255
   535     0126  0088               	movwf	8	;volatile
   536                           
   537                           ;main.c: 169:     PORTC = 0x00;
   538     0127  0187               	clrf	7	;volatile
   539                           
   540                           ;main.c: 170:     PORTE = 0x00;
   541     0128  0189               	clrf	9	;volatile
   542     0129                     l988:
   543                           
   544                           ;main.c: 172:     Initialize_interrupt();
   545     0129  120A  118A  214A  120A  118A  	fcall	_Initialize_interrupt
   546     012E                     l990:
   547                           
   548                           ;main.c: 174:         ONOFFLED();
   549     012E  120A  118A  2035  120A  118A  	fcall	_ONOFFLED
   550     0133  292E               	goto	l990
   551     0134  120A  118A  280C   	ljmp	start
   552     0137                     __end_of_main:
   553                           
   554                           	psect	text1
   555     0035                     __ptext1:	
   556 ;; *************** function _ONOFFLED *****************
   557 ;; Defined at:
   558 ;;		line 46 in file "main.c"
   559 ;; Parameters:    Size  Location     Type
   560 ;;		None
   561 ;; Auto vars:     Size  Location     Type
   562 ;;  i               2    3[BANK0 ] int 
   563 ;;  i               2    5[BANK0 ] int 
   564 ;; Return value:  Size  Location     Type
   565 ;;                  1    wreg      void 
   566 ;; Registers used:
   567 ;;		wreg, fsr0l, fsr0h, status,2, status,0, btemp1
   568 ;; Tracked objects:
   569 ;;		On entry : 0/0
   570 ;;		On exit  : 0/0
   571 ;;		Unchanged: 0/0
   572 ;; Data sizes:     COMMON   BANK0   BANK1   BANK3   BANK2
   573 ;;      Params:         0       0       0       0       0
   574 ;;      Locals:         0       4       0       0       0
   575 ;;      Temps:          0       3       0       0       0
   576 ;;      Totals:         0       7       0       0       0
   577 ;;Total ram usage:        7 bytes
   578 ;; Hardware stack levels used: 1
   579 ;; Hardware stack levels required when called: 1
   580 ;; This function calls:
   581 ;;		Nothing
   582 ;; This function is called by:
   583 ;;		_main
   584 ;; This function uses a non-reentrant model
   585 ;;
   586                           
   587     0035                     _ONOFFLED:	
   588                           ;psect for function _ONOFFLED
   589                           
   590     0035                     l944:	
   591                           ;incstack = 0
   592                           ; Regs used in _ONOFFLED: [wreg-fsr0h+status,2+status,0+btemp1]
   593                           
   594                           
   595                           ;main.c: 48:     for (int i = 0; i < 10; i++) {
   596     0035  1283               	bcf	3,5	;RP0=0, select bank0
   597     0036  1303               	bcf	3,6	;RP1=0, select bank0
   598     0037  01DF               	clrf	ONOFFLED@i
   599     0038  01E0               	clrf	ONOFFLED@i+1
   600     0039                     l950:
   601                           
   602                           ;main.c: 49:         PORTD = PORTD | a[i];
   603     0039  1283               	bcf	3,5	;RP0=0, select bank0
   604     003A  1303               	bcf	3,6	;RP1=0, select bank0
   605     003B  085F               	movf	ONOFFLED@i,w
   606     003C  00DA               	movwf	??_ONOFFLED
   607     003D  075A               	addwf	??_ONOFFLED,w
   608     003E  3E48               	addlw	(low (_a| 0))& (0+255)
   609     003F  0084               	movwf	4
   610     0040  1383               	bcf	3,7	;select IRP bank0
   611     0041  0800               	movf	0,w
   612     0042  0408               	iorwf	8,w	;volatile
   613     0043  0088               	movwf	8	;volatile
   614     0044                     l952:
   615                           
   616                           ;main.c: 50:         _delay((unsigned long)((500)*(4000000/4000.0)));
   617     0044  3003               	movlw	3
   618     0045  1283               	bcf	3,5	;RP0=0, select bank0
   619     0046  1303               	bcf	3,6	;RP1=0, select bank0
   620     0047  00DC               	movwf	??_ONOFFLED+2
   621     0048  308A               	movlw	138
   622     0049  00DB               	movwf	??_ONOFFLED+1
   623     004A  3055               	movlw	85
   624     004B  00DA               	movwf	??_ONOFFLED
   625     004C                     u367:
   626     004C  0BDA               	decfsz	??_ONOFFLED,f
   627     004D  284C               	goto	u367
   628     004E  0BDB               	decfsz	??_ONOFFLED+1,f
   629     004F  284C               	goto	u367
   630     0050  0BDC               	decfsz	??_ONOFFLED+2,f
   631     0051  284C               	goto	u367
   632     0052                     l954:
   633                           
   634                           ;main.c: 51:         if (a[i] == 0b10000000) {
   635     0052  1283               	bcf	3,5	;RP0=0, select bank0
   636     0053  1303               	bcf	3,6	;RP1=0, select bank0
   637     0054  085F               	movf	ONOFFLED@i,w
   638     0055  00DA               	movwf	??_ONOFFLED
   639     0056  075A               	addwf	??_ONOFFLED,w
   640     0057  3E48               	addlw	(low (_a| 0))& (0+255)
   641     0058  0084               	movwf	4
   642     0059  1383               	bcf	3,7	;select IRP bank0
   643     005A  0800               	movf	0,w
   644     005B  00DB               	movwf	??_ONOFFLED+1
   645     005C  0A84               	incf	4,f
   646     005D  0800               	movf	0,w
   647     005E  00DC               	movwf	??_ONOFFLED+2
   648     005F  3080               	movlw	128
   649     0060  065B               	xorwf	??_ONOFFLED+1,w
   650     0061  045C               	iorwf	??_ONOFFLED+2,w
   651     0062  1D03               	btfss	3,2
   652     0063  2865               	goto	u331
   653     0064  2866               	goto	u330
   654     0065                     u331:
   655     0065  2867               	goto	l958
   656     0066                     u330:
   657     0066  287A               	goto	l962
   658     0067                     l958:
   659                           
   660                           ;main.c: 55:     }
   661     0067  3001               	movlw	1
   662     0068  07DF               	addwf	ONOFFLED@i,f
   663     0069  1803               	skipnc
   664     006A  0AE0               	incf	ONOFFLED@i+1,f
   665     006B  3000               	movlw	0
   666     006C  07E0               	addwf	ONOFFLED@i+1,f
   667     006D                     l960:
   668     006D  0860               	movf	ONOFFLED@i+1,w
   669     006E  3A80               	xorlw	128
   670     006F  00FF               	movwf	btemp1
   671     0070  3080               	movlw	128
   672     0071  027F               	subwf	btemp1,w
   673     0072  1D03               	skipz
   674     0073  2876               	goto	u345
   675     0074  300A               	movlw	10
   676     0075  025F               	subwf	ONOFFLED@i,w
   677     0076                     u345:
   678     0076  1C03               	skipc
   679     0077  2879               	goto	u341
   680     0078  287A               	goto	u340
   681     0079                     u341:
   682     0079  2839               	goto	l950
   683     007A                     u340:
   684     007A                     l962:
   685                           
   686                           ;main.c: 56:     for (int i = 9; i >= 0; i--) {
   687     007A  3009               	movlw	9
   688     007B  1283               	bcf	3,5	;RP0=0, select bank0
   689     007C  1303               	bcf	3,6	;RP1=0, select bank0
   690     007D  00DD               	movwf	ONOFFLED@i_62
   691     007E  3000               	movlw	0
   692     007F  00DE               	movwf	ONOFFLED@i_62+1
   693     0080                     l968:
   694                           
   695                           ;main.c: 57:         PORTD &= ~a[i];
   696     0080  085D               	movf	ONOFFLED@i_62,w
   697     0081  00DA               	movwf	??_ONOFFLED
   698     0082  075A               	addwf	??_ONOFFLED,w
   699     0083  3E48               	addlw	(low (_a| 0))& (0+255)
   700     0084  0084               	movwf	4
   701     0085  1383               	bcf	3,7	;select IRP bank0
   702     0086  0900               	comf	0,w
   703     0087  0588               	andwf	8,f	;volatile
   704     0088                     l970:
   705                           
   706                           ;main.c: 58:         _delay((unsigned long)((500)*(4000000/4000.0)));
   707     0088  3003               	movlw	3
   708     0089  1283               	bcf	3,5	;RP0=0, select bank0
   709     008A  1303               	bcf	3,6	;RP1=0, select bank0
   710     008B  00DC               	movwf	??_ONOFFLED+2
   711     008C  308A               	movlw	138
   712     008D  00DB               	movwf	??_ONOFFLED+1
   713     008E  3055               	movlw	85
   714     008F  00DA               	movwf	??_ONOFFLED
   715     0090                     u377:
   716     0090  0BDA               	decfsz	??_ONOFFLED,f
   717     0091  2890               	goto	u377
   718     0092  0BDB               	decfsz	??_ONOFFLED+1,f
   719     0093  2890               	goto	u377
   720     0094  0BDC               	decfsz	??_ONOFFLED+2,f
   721     0095  2890               	goto	u377
   722     0096                     l972:
   723                           
   724                           ;main.c: 59:     }
   725     0096  30FF               	movlw	255
   726     0097  1283               	bcf	3,5	;RP0=0, select bank0
   727     0098  1303               	bcf	3,6	;RP1=0, select bank0
   728     0099  07DD               	addwf	ONOFFLED@i_62,f
   729     009A  1803               	skipnc
   730     009B  0ADE               	incf	ONOFFLED@i_62+1,f
   731     009C  30FF               	movlw	255
   732     009D  07DE               	addwf	ONOFFLED@i_62+1,f
   733     009E                     l974:
   734     009E  1FDE               	btfss	ONOFFLED@i_62+1,7
   735     009F  28A1               	goto	u351
   736     00A0  28A2               	goto	u350
   737     00A1                     u351:
   738     00A1  2880               	goto	l968
   739     00A2                     u350:
   740     00A2                     l976:
   741                           
   742                           ;main.c: 60:     _delay((unsigned long)((1000)*(4000000/4000.0)));
   743     00A2  3006               	movlw	6
   744     00A3  1283               	bcf	3,5	;RP0=0, select bank0
   745     00A4  1303               	bcf	3,6	;RP1=0, select bank0
   746     00A5  00DC               	movwf	??_ONOFFLED+2
   747     00A6  3013               	movlw	19
   748     00A7  00DB               	movwf	??_ONOFFLED+1
   749     00A8  30AD               	movlw	173
   750     00A9  00DA               	movwf	??_ONOFFLED
   751     00AA                     u387:
   752     00AA  0BDA               	decfsz	??_ONOFFLED,f
   753     00AB  28AA               	goto	u387
   754     00AC  0BDB               	decfsz	??_ONOFFLED+1,f
   755     00AD  28AA               	goto	u387
   756     00AE  0BDC               	decfsz	??_ONOFFLED+2,f
   757     00AF  28AA               	goto	u387
   758     00B0                     l74:
   759     00B0  0008               	return
   760     00B1                     __end_of_ONOFFLED:
   761                           
   762                           	psect	text2
   763     014A                     __ptext2:	
   764 ;; *************** function _Initialize_interrupt *****************
   765 ;; Defined at:
   766 ;;		line 23 in file "./interrupt.h"
   767 ;; Parameters:    Size  Location     Type
   768 ;;		None
   769 ;; Auto vars:     Size  Location     Type
   770 ;;		None
   771 ;; Return value:  Size  Location     Type
   772 ;;                  1    wreg      void 
   773 ;; Registers used:
   774 ;;		None
   775 ;; Tracked objects:
   776 ;;		On entry : 0/0
   777 ;;		On exit  : 0/0
   778 ;;		Unchanged: 0/0
   779 ;; Data sizes:     COMMON   BANK0   BANK1   BANK3   BANK2
   780 ;;      Params:         0       0       0       0       0
   781 ;;      Locals:         0       0       0       0       0
   782 ;;      Temps:          0       0       0       0       0
   783 ;;      Totals:         0       0       0       0       0
   784 ;;Total ram usage:        0 bytes
   785 ;; Hardware stack levels used: 1
   786 ;; Hardware stack levels required when called: 1
   787 ;; This function calls:
   788 ;;		Nothing
   789 ;; This function is called by:
   790 ;;		_main
   791 ;; This function uses a non-reentrant model
   792 ;;
   793                           
   794     014A                     _Initialize_interrupt:	
   795                           ;psect for function _Initialize_interrupt
   796                           
   797     014A                     l676:	
   798                           ;incstack = 0
   799                           ; Regs used in _Initialize_interrupt: []
   800                           
   801                           
   802                           ;./interrupt.h: 24:     RBIF = 0;
   803     014A  100B               	bcf	11,0	;volatile
   804                           
   805                           ;./interrupt.h: 25:     RBIE = 1;
   806     014B  158B               	bsf	11,3	;volatile
   807                           
   808                           ;./interrupt.h: 26:     GIE = 1;
   809     014C  178B               	bsf	11,7	;volatile
   810                           
   811                           ;./interrupt.h: 27:     IOCB = 0x07;
   812     014D  3007               	movlw	7
   813     014E  1683               	bsf	3,5	;RP0=1, select bank1
   814     014F  1303               	bcf	3,6	;RP1=0, select bank1
   815     0150  0096               	movwf	22	;volatile
   816     0151                     l56:
   817     0151  0008               	return
   818     0152                     __end_of_Initialize_interrupt:
   819                           
   820                           	psect	text3
   821     00EB                     __ptext3:	
   822 ;; *************** function _isr *****************
   823 ;; Defined at:
   824 ;;		line 10 in file "./interrupt.h"
   825 ;; Parameters:    Size  Location     Type
   826 ;;		None
   827 ;; Auto vars:     Size  Location     Type
   828 ;;		None
   829 ;; Return value:  Size  Location     Type
   830 ;;                  1    wreg      void 
   831 ;; Registers used:
   832 ;;		wreg, status,2, status,0
   833 ;; Tracked objects:
   834 ;;		On entry : 0/0
   835 ;;		On exit  : 0/0
   836 ;;		Unchanged: 0/0
   837 ;; Data sizes:     COMMON   BANK0   BANK1   BANK3   BANK2
   838 ;;      Params:         0       0       0       0       0
   839 ;;      Locals:         0       0       0       0       0
   840 ;;      Temps:          4       0       0       0       0
   841 ;;      Totals:         4       0       0       0       0
   842 ;;Total ram usage:        4 bytes
   843 ;; Hardware stack levels used: 1
   844 ;; This function calls:
   845 ;;		Nothing
   846 ;; This function is called by:
   847 ;;		Interrupt level 1
   848 ;; This function uses a non-reentrant model
   849 ;;
   850                           
   851     00EB                     _isr:	
   852                           ;psect for function _isr
   853                           
   854     00EB                     i1l712:
   855                           
   856                           ;./interrupt.h: 11:     if (RBIE == 1 && RBIF == 1) {
   857     00EB  1D8B               	btfss	11,3	;volatile
   858     00EC  28EE               	goto	u4_21
   859     00ED  28EF               	goto	u4_20
   860     00EE                     u4_21:
   861     00EE  290F               	goto	i1l53
   862     00EF                     u4_20:
   863     00EF                     i1l714:
   864     00EF  1C0B               	btfss	11,0	;volatile
   865     00F0  28F2               	goto	u5_21
   866     00F1  28F3               	goto	u5_20
   867     00F2                     u5_21:
   868     00F2  290F               	goto	i1l53
   869     00F3                     u5_20:
   870     00F3                     i1l716:
   871                           
   872                           ;./interrupt.h: 13:         read_dataPortB = PORTB & 0b00000110;
   873     00F3  1283               	bcf	3,5	;RP0=0, select bank0
   874     00F4  1303               	bcf	3,6	;RP1=0, select bank0
   875     00F5  0806               	movf	6,w	;volatile
   876     00F6  3906               	andlw	6
   877     00F7  00F4               	movwf	??_isr
   878     00F8  01F5               	clrf	??_isr+1
   879     00F9  0874               	movf	??_isr,w
   880     00FA  00F0               	movwf	_read_dataPortB
   881     00FB  0875               	movf	??_isr+1,w
   882     00FC  00F1               	movwf	_read_dataPortB+1
   883     00FD                     i1l718:
   884                           
   885                           ;./interrupt.h: 14:         if (read_dataPortB == 0x02)
   886     00FD  3002               	movlw	2
   887     00FE  0670               	xorwf	_read_dataPortB,w
   888     00FF  0471               	iorwf	_read_dataPortB+1,w
   889     0100  1D03               	btfss	3,2
   890     0101  2903               	goto	u6_21
   891     0102  2904               	goto	u6_20
   892     0103                     u6_21:
   893     0103  2906               	goto	i1l722
   894     0104                     u6_20:
   895     0104                     i1l720:
   896                           
   897                           ;./interrupt.h: 15:             RE2 = 0;
   898     0104  1109               	bcf	9,2	;volatile
   899     0105  290E               	goto	i1l51
   900     0106                     i1l722:
   901     0106  3004               	movlw	4
   902     0107  0670               	xorwf	_read_dataPortB,w
   903     0108  0471               	iorwf	_read_dataPortB+1,w
   904     0109  1D03               	btfss	3,2
   905     010A  290C               	goto	u7_21
   906     010B  290D               	goto	u7_20
   907     010C                     u7_21:
   908     010C  290E               	goto	i1l51
   909     010D                     u7_20:
   910     010D                     i1l724:
   911                           
   912                           ;./interrupt.h: 17:             RE2 = 1;
   913     010D  1509               	bsf	9,2	;volatile
   914     010E                     i1l51:
   915                           
   916                           ;./interrupt.h: 19:         RBIF = 0;
   917     010E  100B               	bcf	11,0	;volatile
   918     010F                     i1l53:
   919     010F  0877               	movf	??_isr+3,w
   920     0110  008A               	movwf	10
   921     0111  0E76               	swapf	??_isr+2,w
   922     0112  0083               	movwf	3
   923     0113  0EFE               	swapf	btemp,f
   924     0114  0E7E               	swapf	btemp,w
   925     0115  0009               	retfie
   926     0116                     __end_of_isr:
   927     0002                     ___latbits      equ	2
   928     007E                     btemp           set	126	;btemp
   929     007E                     btemp0          set	126
   930     007F                     btemp1          set	127
   931     007E                     wtemp0          set	126
   932     007F                     wtemp0a         set	127
   933     007F                     ttemp0a         set	127
   934     0080                     ltemp0a         set	128
   935                           
   936                           	psect	intentry
   937     0004                     __pintentry:	
   938                           ;incstack = 0
   939                           ; Regs used in _isr: [wreg+status,2+status,0]
   940                           
   941     0004                     interrupt_function:
   942     007E                     saved_w         set	btemp
   943     0004  00FE               	movwf	btemp
   944     0005  0E03               	swapf	3,w
   945     0006  00F6               	movwf	??_isr+2
   946     0007  080A               	movf	10,w
   947     0008  00F7               	movwf	??_isr+3
   948     0009  120A  118A  28EB   	ljmp	_isr

Data Sizes:
    Strings     0
    Constant    0
    Data        60
    BSS         8
    Persistent  0
    Stack       0

Auto Spaces:
    Space          Size  Autos    Used
    COMMON           14      4      10
    BANK0            80      7      69
    BANK1            80      0       0
    BANK3            96      0       0
    BANK2            96      0       0

Pointer List with Targets:

    None.

Critical Paths under _main in COMMON

    None.

Critical Paths under _isr in COMMON

    None.

Critical Paths under _main in BANK0

    _main->_ONOFFLED

Critical Paths under _isr in BANK0

    None.

Critical Paths under _main in BANK1

    None.

Critical Paths under _isr in BANK1

    None.

Critical Paths under _main in BANK3

    None.

Critical Paths under _isr in BANK3

    None.

Critical Paths under _main in BANK2

    None.

Critical Paths under _isr in BANK2

    None.

Call Graph Tables:

 ---------------------------------------------------------------------------------
 (Depth) Function   	        Calls       Base Space   Used Autos Params    Refs
 ---------------------------------------------------------------------------------
 (0) _main                                                 0     0      0     229
               _Initialize_interrupt
                           _ONOFFLED
 ---------------------------------------------------------------------------------
 (1) _ONOFFLED                                             7     7      0     229
                                              0 BANK0      7     7      0
 ---------------------------------------------------------------------------------
 (1) _Initialize_interrupt                                 0     0      0       0
 ---------------------------------------------------------------------------------
 Estimated maximum stack depth 1
 ---------------------------------------------------------------------------------
 (Depth) Function   	        Calls       Base Space   Used Autos Params    Refs
 ---------------------------------------------------------------------------------
 (2) _isr                                                  4     4      0       0
                                              0 COMMON     4     4      0
 ---------------------------------------------------------------------------------
 Estimated maximum stack depth 2
 ---------------------------------------------------------------------------------

 Call Graph Graphs:

 _main (ROOT)
   _Initialize_interrupt
   _ONOFFLED

 _isr (ROOT)

Address spaces:
Name               Size   Autos  Total    Usage
BANK3               96      0       0      0.0%
BITBANK3            96      0       0      0.0%
BANK2               96      0       0      0.0%
BITBANK2            96      0       0      0.0%
BANK1               80      0       0      0.0%
BITBANK1            80      0       0      0.0%
BANK0               80      7      69     86.2%
BITBANK0            80      0       0      0.0%
COMMON              14      4      10     71.4%
BITCOMMON           14      0       0      0.0%
DATA                 0      0      79      0.0%
STACK                0      0       0      0.0%


Microchip Technology PIC Macro Assembler V3.10 build 20250813170317 
Symbol Table                                                                                   Mon Dec  1 01:26:30 2025

                           _a 0048                             pc 0002                            l56 0151  
                          l74 00B0                            _PD 0034                            _so 0063  
                          fsr 0004                           l676 014A                           l950 0039  
                         l960 006D                           l952 0044                           l944 0035  
                         l970 0088                           l962 007A                           l954 0052  
                         l972 0096                           l980 011E                           l974 009E  
                         l958 0067                           l990 012E                           l982 011F  
                         l976 00A2                           l968 0080                           l984 0120  
                         l986 0125                           l978 0116                           _GIE 005F  
                         l988 0129                           _RB0 0030                           _RB1 0031  
                         _RB2 0032                           _RE1 0049                           _RE2 004A  
                         u330 0066                           u331 0065                           u340 007A  
                         u341 0079                           u350 00A2                           u351 00A1  
                         u345 0076                           u367 004C                           u377 0090  
                         u387 00AA                           _dem 0073                           _isr 00EB  
                         fsr0 0004                           indf 0000                          ?_isr 0074  
                        _IOCB 0096                          _RBIE 005B                          _RBIF 0058  
                        i1l51 010E                          i1l53 010F                          u4_20 00EF  
                        u4_21 00EE                          u5_20 00F3                          u5_21 00F2  
                        u6_20 0104                          u6_21 0103                          u7_20 010D  
                        u7_21 010C                          _main 0116                          _ngat 0072  
                        btemp 007E                          start 000C                         ??_isr 0074  
            nosup@@$_$_CONFIG 0000                         ?_main 0074                         _ANSEL 0188  
                       i1l720 0104                         i1l712 00EB                         i1l722 0106  
                       i1l714 00EF                         i1l724 010D                         i1l716 00F3  
                       i1l718 00FD              __end_of_ONOFFLED 00B1                         _PORTB 0006  
                       _PORTC 0007                         _PORTD 0008                         _PORTE 0009  
                       _TRISB 0086                         _TRISC 0087                         _TRISD 0088  
                       _portc 0078                         btemp0 007E                         _portd 0061  
                       btemp1 007F                         pclath 000A                         status 0003  
                       wtemp0 007E               __initialization 000F                  __end_of_main 0137  
                      ??_main 0078                        _ANSELH 0189                        _TRISE1 0449  
                      _TRISE2 044A                        _Button 0020                  __pdataCOMMON 0078  
                      ltemp0a 0080                        saved_w 007E                        ttemp0a 007F  
                      wtemp0a 007F       __end_of__initialization 0031                     ?_ONOFFLED 0074  
              __pcstackCOMMON 0074                  __pidataBANK0 00B1                    __pbssBANK0 0061  
                   ONOFFLED@i 005F                    ??_ONOFFLED 005A                    __pmaintext 0116  
                  __pintentry 0004                       __ptext1 0035                       __ptext2 014A  
                     __ptext3 00EB          end_of_initialization 0031                  ONOFFLED@i_62 005D  
__end_of_Initialize_interrupt 0152                 __pidataCOMMON 0152           start_initialization 000F  
                 __end_of_isr 0116                    init_fetch0 0137                   __pdataBANK0 0020  
                 __pbssCOMMON 0070                     ___latbits 0002                 __pcstackBANK0 005A  
              _read_dataPortB 0070          _Initialize_interrupt 014A             interrupt_function 0004  
                    _ONOFFLED 0035         ?_Initialize_interrupt 0074        ??_Initialize_interrupt 0078  
                    init_ram0 013B                      intlevel1 0000  
