Removed Pin From Net: NetName=PGD Pin=JP1-1
Removed Pin From Net: NetName=PGC Pin=JP1-2
Removed Pin From Net: NetName=NetIC2_38 Pin=JP1-3
Removed Pin From Net: NetName=NetIC2_37 Pin=JP1-4
Removed Pin From Net: NetName=NetIC2_36 Pin=JP1-5
Removed Pin From Net: NetName=NetIC2_35 Pin=JP1-6
Removed Pin From Net: NetName=NetIC2_34 Pin=JP1-7
Removed Pin From Net: NetName=NetIC2_33 Pin=JP1-8
Removed Pin From Net: NetName=RD0 Pin=JP3-1
Removed Pin From Net: NetName=RD1 Pin=JP3-2
Removed Pin From Net: NetName=RD2 Pin=JP3-3
Removed Pin From Net: NetName=RD3 Pin=JP3-4
Removed Pin From Net: NetName=RD4 Pin=JP3-5
Removed Pin From Net: NetName=RD5 Pin=JP3-6
Removed Pin From Net: NetName=RD6 Pin=JP3-7
Removed Pin From Net: NetName=RD7 Pin=JP3-8
Removed Pin From Net: NetName=RC0 Pin=JP4-1
Removed Pin From Net: NetName=RC1 Pin=JP4-2
Removed Pin From Net: NetName=RC2 Pin=JP4-3
Removed Pin From Net: NetName=RC3 Pin=JP4-4
Removed Pin From Net: NetName=RC4 Pin=JP4-5
Removed Pin From Net: NetName=RC5 Pin=JP4-6
Removed Pin From Net: NetName=RC6 Pin=JP4-7
Removed Pin From Net: NetName=RC7 Pin=JP4-8
Change Component Designator: OldDesignator=HD2 NewDesignator=JP1_1
Added Component: Designator=JP1_2(HED4)
Add component (AddParameter): Name = "Value"; Value = "Header 4"; VariantName = "[No Variations]"
Added Component: Designator=JP3_1(HED4)
Add component (AddParameter): Name = "Value"; Value = "Header 4"; VariantName = "[No Variations]"
Added Component: Designator=JP3_2(HED4)
Add component (AddParameter): Name = "Value"; Value = "Header 4"; VariantName = "[No Variations]"
Added Component: Designator=JP4_1(HED4)
Add component (AddParameter): Name = "Value"; Value = "Header 4"; VariantName = "[No Variations]"
Added Component: Designator=JP4_2(HED4)
Add component (AddParameter): Name = "Value"; Value = "Header 4"; VariantName = "[No Variations]"
Added Pin To Net: NetName=PGD Pin=JP1_1-1
Added Pin To Net: NetName=PGC Pin=JP1_1-2
Added Pin To Net: NetName=NetIC2_38 Pin=JP1_1-3
Added Pin To Net: NetName=NetIC2_37 Pin=JP1_1-4
Added Pin To Net: NetName=NetIC2_36 Pin=JP1_2-1
Added Pin To Net: NetName=NetIC2_35 Pin=JP1_2-2
Added Pin To Net: NetName=NetIC2_34 Pin=JP1_2-3
Added Pin To Net: NetName=NetIC2_33 Pin=JP1_2-4
Added Pin To Net: NetName=RD3 Pin=JP3_1-1
Added Pin To Net: NetName=RD2 Pin=JP3_1-2
Added Pin To Net: NetName=RD1 Pin=JP3_1-3
Added Pin To Net: NetName=RD0 Pin=JP3_1-4
Added Pin To Net: NetName=RD7 Pin=JP3_2-1
Added Pin To Net: NetName=RD6 Pin=JP3_2-2
Added Pin To Net: NetName=RD5 Pin=JP3_2-3
Added Pin To Net: NetName=RD4 Pin=JP3_2-4
Added Pin To Net: NetName=RC3 Pin=JP4_1-1
Added Pin To Net: NetName=RC2 Pin=JP4_1-2
Added Pin To Net: NetName=RC1 Pin=JP4_1-3
Added Pin To Net: NetName=RC0 Pin=JP4_1-4
Added Pin To Net: NetName=RC7 Pin=JP4_2-1
Added Pin To Net: NetName=RC6 Pin=JP4_2-2
Added Pin To Net: NetName=RC5 Pin=JP4_2-3
Added Pin To Net: NetName=RC4 Pin=JP4_2-4
Added Member To Class: ClassName=pic Member=Component JP1_2 Header 4
Added Member To Class: ClassName=pic Member=Component JP3_1 Header 4
Added Member To Class: ClassName=pic Member=Component JP3_2 Header 4
Added Member To Class: ClassName=pic Member=Component JP4_1 Header 4
Added Member To Class: ClassName=pic Member=Component JP4_2 Header 4
