Removed Pin From Net: NetName=RD0 Pin=IC2-20
Removed Pin From Net: NetName=RC3 Pin=IC2-25
Removed Pin From Net: NetName=RD0 Pin=JP3-2
Removed Pin From Net: NetName=RC7 Pin=JP4-1
Removed Pin From Net: NetName=RC7 Pin=JP4-1
Removed Pin From Net: NetName=RC5 Pin=JP4-3
Removed Pin From Net: NetName=RC5 Pin=JP4-3
Removed Pin From Net: NetName=RC4 Pin=JP4-4
Removed Pin From Net: NetName=RC4 Pin=JP4-4
Removed Pin From Net: NetName=RC3 Pin=JP4-5
Removed Pin From Net: NetName=RC3 Pin=JP4-5
Removed Pin From Net: NetName=RC2 Pin=JP4-6
Removed Pin From Net: NetName=RC2 Pin=JP4-6
Removed Pin From Net: NetName=RC1 Pin=JP4-7
Removed Pin From Net: NetName=RC1 Pin=JP4-7
Removed Pin From Net: NetName=RC0 Pin=JP4-8
Removed Pin From Net: NetName=RC0 Pin=JP4-8
Added Pin To Net: NetName=RD0 Pin=JP3-1
Added Pin To Net: NetName=RD0 Pin=JP3-1
Added Pin To Net: NetName=RD7 Pin=JP3-8
Added Pin To Net: NetName=RD7 Pin=JP3-8
Added Pin To Net: NetName=RC0 Pin=JP4-1
Added Pin To Net: NetName=RC0 Pin=JP4-1
Added Pin To Net: NetName=RC1 Pin=JP4-2
Added Pin To Net: NetName=RC1 Pin=JP4-2
Added Pin To Net: NetName=RC2 Pin=JP4-3
Added Pin To Net: NetName=RC2 Pin=JP4-3
Added Pin To Net: NetName=RC3 Pin=JP4-4
Added Pin To Net: NetName=RC3 Pin=JP4-4
Added Pin To Net: NetName=RC4 Pin=JP4-5
Added Pin To Net: NetName=RC4 Pin=JP4-5
Added Pin To Net: NetName=RC5 Pin=JP4-6
Added Pin To Net: NetName=RC5 Pin=JP4-6
Added Pin To Net: NetName=RC7 Pin=JP4-8
Added Pin To Net: NetName=RC7 Pin=JP4-8
Added Pin To Net: NetName=RC6 Pin=IC2-25
Added Pin To Net: NetName=RC6 Pin=JP4-7
Added Pin To Net: NetName=RC6 Pin=JP4-7
Added Net: Name=RC6
Added Pin To Net: NetName=RD1 Pin=IC2-20
Added Pin To Net: NetName=RD1 Pin=JP3-2
Added Pin To Net: NetName=RD1 Pin=JP3-2
Added Net: Name=RD1
Added Member To Class: ClassName=pic Member=Component JP1 JP8 PIN
Added Member To Class: ClassName=pic Member=Component JP3 JP8 PIN
Added Member To Class: ClassName=pic Member=Component JP4 JP8 PIN
