Added Component: Designator=C1(CP1.5/3.4)
Add component (AddParameter): Name = "Description 1"; Value = "1000uF/6,3V - 470uF/16V - 330uF - 25V"; VariantName = "[No Variations]"
Add component (AddParameter): Name = "Description 2"; Value = "220uF/35V - 100uF/50V - 63V - 4,7uF/200V"; VariantName = "[No Variations]"
Add component (AddParameter): Name = "Description 3"; Value = "22uF => 33uF100V - 3,3uF => 4,7uF/250V"; VariantName = "[No Variations]"
Add component (AddParameter): Name = "Description 4"; Value = "2,2uF =>3,3uF/350 - 2,2uF/400V - 1uF/450V"; VariantName = "[No Variations]"
Add component (AddParameter): Name = "Value"; Value = "100uF/35V/50V"; VariantName = "[No Variations]"
Added Component: Designator=C2(CN2)
Add component (AddParameter): Name = "Value"; Value = "0.1uF"; VariantName = "[No Variations]"
Added Component: Designator=C3(CN2)
Add component (AddParameter): Name = "Value"; Value = "0.1uF"; VariantName = "[No Variations]"
Added Component: Designator=C4(CP1.5/3.4)
Add component (AddParameter): Name = "Description 1"; Value = "2200uF-3300uF/6,3V - 1000uF-2200uF/10V"; VariantName = "[No Variations]"
Add component (AddParameter): Name = "Description 2"; Value = "1000uF/16V - 470uF => 1000uF/25V - 100uF/100V"; VariantName = "[No Variations]"
Add component (AddParameter): Name = "Description 3"; Value = "330uF>470uF/35V_220uF>470uF/50V_10uF>22uF/250V"; VariantName = "[No Variations]"
Add component (AddParameter): Name = "Description 4"; Value = "220uF => 330uF/63V - 10uF =>33uF/160 - 200V"; VariantName = "[No Variations]"
Add component (AddParameter): Name = "Description 5"; Value = "4,7uF>10uF/250V_3,3uF>10uF/400V - 2,2uF>4,7uF/450V"; VariantName = "[No Variations]"
Add component (AddParameter): Name = "Value"; Value = "1000uF/16V"; VariantName = "[No Variations]"
Added Component: Designator=C5(CN2)
Add component (AddParameter): Name = "Value"; Value = "0.1uF"; VariantName = "[No Variations]"
Added Component: Designator=C6(CN2)
Add component (AddParameter): Name = "Value"; Value = "0.1uF"; VariantName = "[No Variations]"
Added Component: Designator=C7(CN1)
Add component (AddParameter): Name = "Value"; Value = "100pF"; VariantName = "[No Variations]"
Added Component: Designator=C8(CN1)
Add component (AddParameter): Name = "Value"; Value = "100pF"; VariantName = "[No Variations]"
Add Component: Footprint Not Found D-46_6A
Added Component: Designator=HD1(HED2)
Add component (AddParameter): Name = "Value"; Value = "Header 2"; VariantName = "[No Variations]"
Added Component: Designator=IC1(QTO-220)
Add component (AddParameter): Name = "Value"; Value = "LM7805"; VariantName = "[No Variations]"
Added Component: Designator=J1(JP3)
Add component (AddParameter): Name = "Value"; Value = "J3"; VariantName = "[No Variations]"
Added Component: Designator=JDC1(DC-IN)
Add component (AddParameter): Name = "Value"; Value = "Jac DC"; VariantName = "[No Variations]"
Added Component: Designator=JP1(JP8)
Add component (AddParameter): Name = "Value"; Value = "JP7"; VariantName = "[No Variations]"
Added Component: Designator=JP2(JP6)
Add component (AddParameter): Name = "Value"; Value = "JP7"; VariantName = "[No Variations]"
Added Component: Designator=JP3(JP8)
Add component (AddParameter): Name = "Value"; Value = "JP7"; VariantName = "[No Variations]"
Added Component: Designator=JP4(JP8)
Add component (AddParameter): Name = "Value"; Value = "JP7"; VariantName = "[No Variations]"
Added Component: Designator=JP5(JP6)
Add component (AddParameter): Name = "Value"; Value = "JP7"; VariantName = "[No Variations]"
Added Component: Designator=LED1(LED-3)
Add component (AddParameter): Name = "Value"; Value = "LED 3 ly Single Colour"; VariantName = "[No Variations]"
Added Component: Designator=P1(HDR1X3)
Add component (AddParameter): Name = "LatestRevisionDate"; Value = "17-Jul-2002"; VariantName = "[No Variations]"
Add component (AddParameter): Name = "LatestRevisionNote"; Value = "Re-released for DXP Platform."; VariantName = "[No Variations]"
Add component (AddParameter): Name = "Publisher"; Value = "Altium Limited"; VariantName = "[No Variations]"
Added Component: Designator=P2(HDR1X3)
Add component (AddParameter): Name = "LatestRevisionDate"; Value = "17-Jul-2002"; VariantName = "[No Variations]"
Add component (AddParameter): Name = "LatestRevisionNote"; Value = "Re-released for DXP Platform."; VariantName = "[No Variations]"
Add component (AddParameter): Name = "Publisher"; Value = "Altium Limited"; VariantName = "[No Variations]"
Added Component: Designator=P3(HDR1X3)
Add component (AddParameter): Name = "LatestRevisionDate"; Value = "17-Jul-2002"; VariantName = "[No Variations]"
Add component (AddParameter): Name = "LatestRevisionNote"; Value = "Re-released for DXP Platform."; VariantName = "[No Variations]"
Add component (AddParameter): Name = "Publisher"; Value = "Altium Limited"; VariantName = "[No Variations]"
Added Component: Designator=R1(R1/2W)
Add component (AddParameter): Name = "Value"; Value = "R1/4W - 1K"; VariantName = "[No Variations]"
Added Component: Designator=R2(R1W)
Add component (AddParameter): Name = "Value"; Value = "R1W - 100"; VariantName = "[No Variations]"
Added Component: Designator=R3(R1/2W)
Add component (AddParameter): Name = "Value"; Value = "R1/4W - 1K"; VariantName = "[No Variations]"
Added Component: Designator=R4(R1/2W)
Add component (AddParameter): Name = "Value"; Value = "R1/4W - 1K"; VariantName = "[No Variations]"
Added Component: Designator=SW1(SW2)
Add component (AddParameter): Name = "Value"; Value = "SW chip 2 pin"; VariantName = "[No Variations]"
Added Component: Designator=X1(XT2)
Add component (AddParameter): Name = "Value"; Value = "4Mhz"; VariantName = "[No Variations]"
Added Pin To Net: NetName=+5 Pin=C1-1
Added Pin To Net: NetName=GND Pin=C1-2
Added Pin To Net: NetName=GND Pin=C2-1
Added Pin To Net: NetName=NetC2_2 Pin=C2-2
Added Pin To Net: NetName=GND Pin=C3-1
Added Pin To Net: NetName=+5 Pin=C3-2
Added Pin To Net: NetName=NetC2_2 Pin=C4-1
Added Pin To Net: NetName=GND Pin=C4-2
Added Pin To Net: NetName=GND Pin=C5-1
Added Pin To Net: NetName=+5 Pin=C5-2
Added Pin To Net: NetName=GND Pin=C6-1
Added Pin To Net: NetName=MCLR Pin=C6-2
Added Pin To Net: NetName=GND Pin=C7-1
Added Pin To Net: NetName=NetC7_2 Pin=C7-2
Added Pin To Net: NetName=GND Pin=C8-1
Added Pin To Net: NetName=NetC8_2 Pin=C8-2
Add Pin To Net: Unknown Pin: Pin D1-1
Add Pin To Net: Unknown Pin: Pin D1-2
Add Pin To Net: Unknown Pin: Pin D1-3
Add Pin To Net: Unknown Pin: Pin D1-4
Added Pin To Net: NetName=NetD1_2 Pin=HD1-1
Added Pin To Net: NetName=NetD1_4 Pin=HD1-2
Added Pin To Net: NetName=NetC2_2 Pin=IC1-1
Added Pin To Net: NetName=GND Pin=IC1-2
Added Pin To Net: NetName=+5 Pin=IC1-3
Added Pin To Net: NetName=RE0 Pin=J1-1
Added Pin To Net: NetName=RE1 Pin=J1-2
Added Pin To Net: NetName=RE2 Pin=J1-3
Added Pin To Net: NetName=NetD1_4 Pin=JDC1-1
Added Pin To Net: NetName=NetD1_2 Pin=JDC1-2
Added Pin To Net: NetName=NetD1_2 Pin=JDC1-3
Added Pin To Net: NetName=PGD Pin=JP1-1
Added Pin To Net: NetName=PGC Pin=JP1-2
Added Pin To Net: NetName=NetIC2_38 Pin=JP1-3
Added Pin To Net: NetName=NetIC2_37 Pin=JP1-4
Added Pin To Net: NetName=NetIC2_36 Pin=JP1-5
Added Pin To Net: NetName=NetIC2_35 Pin=JP1-6
Added Pin To Net: NetName=NetIC2_34 Pin=JP1-7
Added Pin To Net: NetName=NetIC2_33 Pin=JP1-8
Added Pin To Net: NetName=RA5 Pin=JP2-1
Added Pin To Net: NetName=RA4 Pin=JP2-2
Added Pin To Net: NetName=RA3 Pin=JP2-3
Added Pin To Net: NetName=RA2 Pin=JP2-4
Added Pin To Net: NetName=RA1 Pin=JP2-5
Added Pin To Net: NetName=RA0 Pin=JP2-6
Added Pin To Net: NetName=RD0 Pin=JP3-1
Added Pin To Net: NetName=RD1 Pin=JP3-2
Added Pin To Net: NetName=RD2 Pin=JP3-3
Added Pin To Net: NetName=RD3 Pin=JP3-4
Added Pin To Net: NetName=RD4 Pin=JP3-5
Added Pin To Net: NetName=RD5 Pin=JP3-6
Added Pin To Net: NetName=RD6 Pin=JP3-7
Added Pin To Net: NetName=RD7 Pin=JP3-8
Added Pin To Net: NetName=RC7 Pin=JP4-1
Added Pin To Net: NetName=RC6 Pin=JP4-2
Added Pin To Net: NetName=RC5 Pin=JP4-3
Added Pin To Net: NetName=RC4 Pin=JP4-4
Added Pin To Net: NetName=RC3 Pin=JP4-5
Added Pin To Net: NetName=RC2 Pin=JP4-6
Added Pin To Net: NetName=RC1 Pin=JP4-7
Added Pin To Net: NetName=RC0 Pin=JP4-8
Added Pin To Net: NetName=MCLR Pin=JP5-1
Added Pin To Net: NetName=+5 Pin=JP5-2
Added Pin To Net: NetName=GND Pin=JP5-3
Added Pin To Net: NetName=PGD Pin=JP5-4
Added Pin To Net: NetName=PGC Pin=JP5-5
Added Pin To Net: NetName=NetLED1_1 Pin=LED1-1
Added Pin To Net: NetName=GND Pin=LED1-2
Added Pin To Net: NetName=GND Pin=P1-1
Added Pin To Net: NetName=+5 Pin=P1-2
Added Pin To Net: NetName=GND Pin=P1-3
Added Pin To Net: NetName=GND Pin=P2-1
Added Pin To Net: NetName=+5 Pin=P2-2
Added Pin To Net: NetName=GND Pin=P2-3
Added Pin To Net: NetName=GND Pin=P3-1
Added Pin To Net: NetName=+5 Pin=P3-2
Added Pin To Net: NetName=GND Pin=P3-3
Added Pin To Net: NetName=NetLED1_1 Pin=R1-1
Added Pin To Net: NetName=+5 Pin=R1-2
Added Pin To Net: NetName=NetD1_1 Pin=R2-1
Added Pin To Net: NetName=NetC2_2 Pin=R2-2
Added Pin To Net: NetName=NetR3_1 Pin=R3-1
Added Pin To Net: NetName=GND Pin=R3-2
Added Pin To Net: NetName=MCLR Pin=R4-1
Added Pin To Net: NetName=+5 Pin=R4-2
Added Pin To Net: NetName=NetR3_1 Pin=SW1-1
Added Pin To Net: NetName=MCLR Pin=SW1-2
Added Pin To Net: NetName=NetC7_2 Pin=X1-1
Added Pin To Net: NetName=NetC8_2 Pin=X1-2
Added Member To Class: ClassName=pic Member=Component C1 100uF/35V
Added Member To Class: ClassName=pic Member=Component C2 104
Added Member To Class: ClassName=pic Member=Component C3 104
Added Member To Class: ClassName=pic Member=Component C4 1000uF/16V
Added Member To Class: ClassName=pic Member=Component C5 104
Added Member To Class: ClassName=pic Member=Component C6 104
Added Member To Class: ClassName=pic Member=Component C7 100pF
Added Member To Class: ClassName=pic Member=Component C8 100pF
Add Class Member: Failed to add class member : Component D1 Bridge2
Added Member To Class: ClassName=pic Member=Component HD1 Header 2
Added Member To Class: ClassName=pic Member=Component IC1 LM7805
Added Member To Class: ClassName=pic Member=Component J1 Jumper 3
Added Member To Class: ClassName=pic Member=Component JDC1 Jac DC
Added Member To Class: ClassName=pic Member=Component JP1 JP8 PIN
Added Member To Class: ClassName=pic Member=Component JP2 JP6 PIN
Added Member To Class: ClassName=pic Member=Component JP3 JP8 PIN
Added Member To Class: ClassName=pic Member=Component JP4 JP8 PIN
Added Member To Class: ClassName=pic Member=Component JP5 JP6 PIN
Added Member To Class: ClassName=pic Member=Component LED1 LED
Added Member To Class: ClassName=pic Member=Component P1 Header 3
Added Member To Class: ClassName=pic Member=Component P2 Header 3
Added Member To Class: ClassName=pic Member=Component P3 Header 3
Added Member To Class: ClassName=pic Member=Component R1 1k
Added Member To Class: ClassName=pic Member=Component R2 100
Added Member To Class: ClassName=pic Member=Component R3 1k
Added Member To Class: ClassName=pic Member=Component R4 1k
Added Member To Class: ClassName=pic Member=Component SW1 SW
Added Member To Class: ClassName=pic Member=Component X1 4Mhz
